\BOOKMARK [1][-]{section.1}{Introduction}{}% 1
\BOOKMARK [1][-]{section.2}{Theoretical model}{}% 2
\BOOKMARK [2][-]{subsection.2.1}{Simulating financial transactions}{section.2}% 3
\BOOKMARK [2][-]{subsection.2.2}{Analytic solutions}{section.2}% 4
\BOOKMARK [1][-]{section.3}{Methods}{}% 5
\BOOKMARK [2][-]{subsection.3.1}{Obtaining reliable data}{section.3}% 6
\BOOKMARK [2][-]{subsection.3.2}{Implementing the Monte Carlo simulations}{section.3}% 7
\BOOKMARK [2][-]{subsection.3.3}{Determining the number of bins}{section.3}% 8
\BOOKMARK [1][-]{section.4}{Results and discussion}{}% 9
\BOOKMARK [2][-]{subsection.4.1}{Results from the initial model \(model A\)}{section.4}% 10
\BOOKMARK [2][-]{subsection.4.2}{Discussion of model A}{section.4}% 11
\BOOKMARK [2][-]{subsection.4.3}{Results from the first modification \(model B\)}{section.4}% 12
\BOOKMARK [2][-]{subsection.4.4}{Discussion of model B}{section.4}% 13
\BOOKMARK [2][-]{subsection.4.5}{Results from the second modification \(model C\)}{section.4}% 14
\BOOKMARK [2][-]{subsection.4.6}{Discussion of model C}{section.4}% 15
\BOOKMARK [2][-]{subsection.4.7}{Results from the final modification \(model D\)}{section.4}% 16
\BOOKMARK [2][-]{subsection.4.8}{Discussion of model D}{section.4}% 17
\BOOKMARK [1][-]{section.5}{Conclusion}{}% 18
\BOOKMARK [2][-]{subsection.5.1}{Conclusion}{section.5}% 19
\BOOKMARK [2][-]{subsection.5.2}{Outlook}{section.5}% 20
