\BOOKMARK [1][-]{section.1}{Introduction}{}% 1
\BOOKMARK [1][-]{section.2}{Theoretical model}{}% 2
\BOOKMARK [2][-]{subsection.2.1}{Thermodynamic quantities and the Ising model}{section.2}% 3
\BOOKMARK [2][-]{subsection.2.2}{Periodic boundary condition}{section.2}% 4
\BOOKMARK [2][-]{subsection.2.3}{Phase transitions in the Ising model}{section.2}% 5
\BOOKMARK [2][-]{subsection.2.4}{The Metropolis Algorithm}{section.2}% 6
\BOOKMARK [2][-]{subsection.2.5}{Equilibrium of the system}{section.2}% 7
\BOOKMARK [2][-]{subsection.2.6}{Analytic solution for the 2x2 case with periodic boundary conditions}{section.2}% 8
\BOOKMARK [1][-]{section.3}{Methods}{}% 9
\BOOKMARK [2][-]{subsection.3.1}{Energy in our system}{section.3}% 10
\BOOKMARK [2][-]{subsection.3.2}{Implementing periodic boundary conditions}{section.3}% 11
\BOOKMARK [2][-]{subsection.3.3}{Implementing the Metropolis algorithm}{section.3}% 12
\BOOKMARK [2][-]{subsection.3.4}{Investigating the time taken to arrive at the most likely state and the underlying probability distribution}{section.3}% 13
\BOOKMARK [2][-]{subsection.3.5}{Investigating phase transitions}{section.3}% 14
\BOOKMARK [2][-]{subsection.3.6}{Parallelizing our code}{section.3}% 15
\BOOKMARK [1][-]{section.4}{Results}{}% 16
\BOOKMARK [2][-]{subsection.4.1}{Results from the 2 \0402 lattice}{section.4}% 17
\BOOKMARK [2][-]{subsection.4.2}{Results from our investigation into the time used to reach equilibrium for larger system}{section.4}% 18
\BOOKMARK [2][-]{subsection.4.3}{Results from our investigation into the probability distribution}{section.4}% 19
\BOOKMARK [2][-]{subsection.4.4}{Results from our investigation of phase transitions}{section.4}% 20
\BOOKMARK [2][-]{subsection.4.5}{Results from parallelizing our code}{section.4}% 21
\BOOKMARK [1][-]{section.5}{Discussion}{}% 22
\BOOKMARK [2][-]{subsection.5.1}{The 2 \0402 lattice}{section.5}% 23
\BOOKMARK [2][-]{subsection.5.2}{Time required to reach equilibrium}{section.5}% 24
\BOOKMARK [2][-]{subsection.5.3}{The probability distribution}{section.5}% 25
\BOOKMARK [2][-]{subsection.5.4}{The phase transitions}{section.5}% 26
\BOOKMARK [2][-]{subsection.5.5}{The parallelization of our code}{section.5}% 27
\BOOKMARK [1][-]{section.6}{Conclusion}{}% 28
\BOOKMARK [2][-]{subsection.6.1}{Conclusion}{section.6}% 29
\BOOKMARK [2][-]{subsection.6.2}{Outlook}{section.6}% 30
\BOOKMARK [1][-]{subsection.6.2}{References}{}% 31
